<?xml version="1.0" encoding="UTF-8"?>
<coverage generated="1764343244049" clover="3.2.0">
  <project timestamp="1764343244049" name="All files">
    <metrics statements="6" coveredstatements="6" conditionals="0" coveredconditionals="0" methods="2" coveredmethods="2" elements="8" coveredelements="8" complexity="0" loc="6" ncloc="6" packages="1" files="1" classes="1"/>
    <file name="users.create.test.js" path="/Users/pierre/Desktop/CAPSULE/__Techno_Groovebox/______Mon_Projet/groovebox/groovebox_backend/src/tests/users/users.create.test.js">
      <metrics statements="6" coveredstatements="6" conditionals="0" coveredconditionals="0" methods="2" coveredmethods="2"/>
      <line num="5" count="1" type="stmt"/>
      <line num="7" count="1" type="stmt"/>
      <line num="8" count="1" type="stmt"/>
      <line num="9" count="1" type="stmt"/>
      <line num="10" count="1" type="stmt"/>
      <line num="11" count="1" type="stmt"/>
    </file>
  </project>
</coverage>
